-------------------------------------------------------------------------------
Test set: gr.upatras.Exercise1.MinusClassTest
-------------------------------------------------------------------------------
Tests run: 1, Failures: 1, Errors: 0, Skipped: 0, Time elapsed: 0.04 s <<< FAILURE! - in gr.upatras.Exercise1.MinusClassTest
testMinus  Time elapsed: 0.024 s  <<< FAILURE!
org.opentest4j.AssertionFailedError: 10 - 5 must be POSITIVE ==> expected: <50> but was: <POSITIVE>
	at gr.upatras.Exercise1.MinusClassTest.testMinus(MinusClassTest.java:14)

